This file contains any messages produced by compilers while
running configure, to aid debugging if configure makes a mistake.

It was created by MoneyWatcherAlpha configure 1.0, which was
generated by GNU Autoconf 2.69.  Invocation command line was

  $ /home/maxa/Development/Projects/MoneyWatcherAlpha/configure 

## --------- ##
## Platform. ##
## --------- ##

hostname = MAXANB
uname -m = x86_64
uname -r = 3.8.0-27-generic
uname -s = Linux
uname -v = #40-Ubuntu SMP Tue Jul 9 00:17:05 UTC 2013

/usr/bin/uname -p = unknown
/bin/uname -X     = unknown

/bin/arch              = unknown
/usr/bin/arch -k       = unknown
/usr/convex/getsysinfo = unknown
/usr/bin/hostinfo      = unknown
/bin/machine           = unknown
/usr/bin/oslevel       = unknown
/bin/universe          = unknown

PATH: /usr/lib/lightdm/lightdm
PATH: /usr/local/sbin
PATH: /usr/local/bin
PATH: /usr/sbin
PATH: /usr/bin
PATH: /sbin
PATH: /bin
PATH: /usr/games
PATH: /usr/local/games


## ----------- ##
## Core tests. ##
## ----------- ##

configure:2155: checking for gcc
configure:2171: found /usr/bin/gcc
configure:2182: result: gcc
configure:2411: checking for C compiler version
configure:2420: gcc --version >&5
gcc (GCC) 4.8.1
Copyright (C) 2013 Free Software Foundation, Inc.
This is free software; see the source for copying conditions.  There is NO
warranty; not even for MERCHANTABILITY or FITNESS FOR A PARTICULAR PURPOSE.

configure:2431: $? = 0
configure:2420: gcc -v >&5
Using built-in specs.
COLLECT_GCC=gcc
COLLECT_LTO_WRAPPER=/usr/lib/gcc/x86_64-unknown-linux-gnu/4.8.1/lto-wrapper
Target: x86_64-unknown-linux-gnu
Configured with: ./configure --prefix=/usr --libdir=/usr/lib/ --libexecdir=/usr/lib/ --with-system-zlib --enable-shared --enable-threads=posix --enable-__cxa_atexit --disable-multilib --enable-clocale=gnu --enable-lto --enable-languages=c,c++,fortran,go,java,objc,obj-c++
Thread model: posix
gcc version 4.8.1 (GCC) 
configure:2431: $? = 0
configure:2420: gcc -V >&5
gcc: error: unrecognized command line option '-V'
gcc: fatal error: no input files
compilation terminated.
configure:2431: $? = 1
configure:2420: gcc -qversion >&5
gcc: error: unrecognized command line option '-qversion'
gcc: fatal error: no input files
compilation terminated.
configure:2431: $? = 1
configure:2451: checking whether the C compiler works
configure:2473: gcc    conftest.c  >&5
configure:2477: $? = 0
configure:2525: result: yes
configure:2528: checking for C compiler default output file name
configure:2530: result: a.out
configure:2536: checking for suffix of executables
configure:2543: gcc -o conftest    conftest.c  >&5
configure:2547: $? = 0
configure:2569: result: 
configure:2591: checking whether we are cross compiling
configure:2599: gcc -o conftest    conftest.c  >&5
configure:2603: $? = 0
configure:2610: ./conftest
configure:2614: $? = 0
configure:2629: result: no
configure:2634: checking for suffix of object files
configure:2656: gcc -c   conftest.c >&5
configure:2660: $? = 0
configure:2681: result: o
configure:2685: checking whether we are using the GNU C compiler
configure:2704: gcc -c   conftest.c >&5
configure:2704: $? = 0
configure:2713: result: yes
configure:2722: checking whether gcc accepts -g
configure:2742: gcc -c -g  conftest.c >&5
configure:2742: $? = 0
configure:2783: result: yes
configure:2800: checking for gcc option to accept ISO C89
configure:2863: gcc  -c -g -O2  conftest.c >&5
configure:2863: $? = 0
configure:2876: result: none needed
configure:2930: checking build system type
configure:2944: result: x86_64-unknown-linux-gnu
configure:2964: checking host system type
configure:2977: result: x86_64-unknown-linux-gnu
configure:2997: checking target system type
configure:3010: result: x86_64-unknown-linux-gnu
configure:3054: checking for a BSD-compatible install
configure:3122: result: /usr/bin/install -c
configure:3133: checking whether build environment is sane
configure:3183: result: yes
configure:3324: checking for a thread-safe mkdir -p
configure:3363: result: /bin/mkdir -p
configure:3376: checking for gawk
configure:3406: result: no
configure:3376: checking for mawk
configure:3392: found /usr/bin/mawk
configure:3403: result: mawk
configure:3414: checking whether make sets $(MAKE)
configure:3436: result: yes
configure:3466: checking for style of include used by make
configure:3494: result: GNU
configure:3580: checking dependency style of gcc
configure:3691: result: gcc3
configure:3709: checking whether gcc and cc understand -c and -o together
configure:3740: gcc -c conftest.c -o conftest2.o >&5
configure:3744: $? = 0
configure:3750: gcc -c conftest.c -o conftest2.o >&5
configure:3754: $? = 0
configure:3765: cc -c conftest.c >&5
configure:3769: $? = 0
configure:3777: cc -c conftest.c -o conftest2.o >&5
configure:3781: $? = 0
configure:3787: cc -c conftest.c -o conftest2.o >&5
configure:3791: $? = 0
configure:3809: result: yes
configure:3881: checking how to print strings
configure:3908: result: printf
configure:3929: checking for a sed that does not truncate output
configure:3993: result: /bin/sed
configure:4011: checking for grep that handles long lines and -e
configure:4069: result: /bin/grep
configure:4074: checking for egrep
configure:4136: result: /bin/grep -E
configure:4141: checking for fgrep
configure:4203: result: /bin/grep -F
configure:4238: checking for ld used by gcc
configure:4305: result: /usr/bin/ld
configure:4312: checking if the linker (/usr/bin/ld) is GNU ld
configure:4327: result: yes
configure:4339: checking for BSD- or MS-compatible name lister (nm)
configure:4388: result: /usr/bin/nm -B
configure:4518: checking the name lister (/usr/bin/nm -B) interface
configure:4525: gcc -c -g -O2  conftest.c >&5
configure:4528: /usr/bin/nm -B "conftest.o"
configure:4531: output
0000000000000000 B some_variable
configure:4538: result: BSD nm
configure:4541: checking whether ln -s works
configure:4545: result: yes
configure:4553: checking the maximum length of command line arguments
configure:4684: result: 1572864
configure:4701: checking whether the shell understands some XSI constructs
configure:4711: result: yes
configure:4715: checking whether the shell understands "+="
configure:4721: result: yes
configure:4756: checking how to convert x86_64-unknown-linux-gnu file names to x86_64-unknown-linux-gnu format
configure:4796: result: func_convert_file_noop
configure:4803: checking how to convert x86_64-unknown-linux-gnu file names to toolchain format
configure:4823: result: func_convert_file_noop
configure:4830: checking for /usr/bin/ld option to reload object files
configure:4837: result: -r
configure:4911: checking for objdump
configure:4927: found /usr/bin/objdump
configure:4938: result: objdump
configure:4970: checking how to recognize dependent libraries
configure:5168: result: pass_all
configure:5253: checking for dlltool
configure:5283: result: no
configure:5313: checking how to associate runtime and link libraries
configure:5340: result: printf %s\n
configure:5401: checking for ar
configure:5417: found /usr/bin/ar
configure:5428: result: ar
configure:5465: checking for archiver @FILE support
configure:5482: gcc -c -g -O2  conftest.c >&5
configure:5482: $? = 0
configure:5485: ar cru libconftest.a @conftest.lst >&5
configure:5488: $? = 0
configure:5493: ar cru libconftest.a @conftest.lst >&5
ar: conftest.o: No such file or directory
configure:5496: $? = 1
configure:5508: result: @
configure:5566: checking for strip
configure:5582: found /usr/bin/strip
configure:5593: result: strip
configure:5665: checking for ranlib
configure:5681: found /usr/bin/ranlib
configure:5692: result: ranlib
configure:5794: checking command to parse /usr/bin/nm -B output from gcc object
configure:5914: gcc -c -g -O2  conftest.c >&5
configure:5917: $? = 0
configure:5921: /usr/bin/nm -B conftest.o \| sed -n -e 's/^.*[ ]\([ABCDGIRSTW][ABCDGIRSTW]*\)[ ][ ]*\([_A-Za-z][_A-Za-z0-9]*\)$/\1 \2 \2/p' | sed '/ __gnu_lto/d' \> conftest.nm
configure:5924: $? = 0
configure:5990: gcc -o conftest -g -O2   conftest.c conftstm.o >&5
configure:5993: $? = 0
configure:6031: result: ok
configure:6068: checking for sysroot
configure:6098: result: no
configure:6175: gcc -c -g -O2  conftest.c >&5
configure:6178: $? = 0
configure:6361: checking for mt
configure:6377: found /bin/mt
configure:6388: result: mt
configure:6411: checking if mt is a manifest tool
configure:6417: mt '-?'
configure:6425: result: no
configure:7067: checking how to run the C preprocessor
configure:7098: gcc -E  conftest.c
configure:7098: $? = 0
configure:7112: gcc -E  conftest.c
conftest.c:11:28: fatal error: ac_nonexistent.h: No such file or directory
 #include <ac_nonexistent.h>
                            ^
compilation terminated.
configure:7112: $? = 1
configure: failed program was:
| /* confdefs.h */
| #define PACKAGE_NAME "MoneyWatcherAlpha"
| #define PACKAGE_TARNAME "moneywatcheralpha"
| #define PACKAGE_VERSION "1.0"
| #define PACKAGE_STRING "MoneyWatcherAlpha 1.0"
| #define PACKAGE_BUGREPORT ""
| #define PACKAGE_URL ""
| #define PACKAGE "moneywatcheralpha"
| #define VERSION "1.0"
| /* end confdefs.h.  */
| #include <ac_nonexistent.h>
configure:7137: result: gcc -E
configure:7157: gcc -E  conftest.c
configure:7157: $? = 0
configure:7171: gcc -E  conftest.c
conftest.c:11:28: fatal error: ac_nonexistent.h: No such file or directory
 #include <ac_nonexistent.h>
                            ^
compilation terminated.
configure:7171: $? = 1
configure: failed program was:
| /* confdefs.h */
| #define PACKAGE_NAME "MoneyWatcherAlpha"
| #define PACKAGE_TARNAME "moneywatcheralpha"
| #define PACKAGE_VERSION "1.0"
| #define PACKAGE_STRING "MoneyWatcherAlpha 1.0"
| #define PACKAGE_BUGREPORT ""
| #define PACKAGE_URL ""
| #define PACKAGE "moneywatcheralpha"
| #define VERSION "1.0"
| /* end confdefs.h.  */
| #include <ac_nonexistent.h>
configure:7200: checking for ANSI C header files
configure:7220: gcc -c -g -O2  conftest.c >&5
configure:7220: $? = 0
configure:7293: gcc -o conftest -g -O2   conftest.c  >&5
configure:7293: $? = 0
configure:7293: ./conftest
configure:7293: $? = 0
configure:7304: result: yes
configure:7317: checking for sys/types.h
configure:7317: gcc -c -g -O2  conftest.c >&5
configure:7317: $? = 0
configure:7317: result: yes
configure:7317: checking for sys/stat.h
configure:7317: gcc -c -g -O2  conftest.c >&5
configure:7317: $? = 0
configure:7317: result: yes
configure:7317: checking for stdlib.h
configure:7317: gcc -c -g -O2  conftest.c >&5
configure:7317: $? = 0
configure:7317: result: yes
configure:7317: checking for string.h
configure:7317: gcc -c -g -O2  conftest.c >&5
configure:7317: $? = 0
configure:7317: result: yes
configure:7317: checking for memory.h
configure:7317: gcc -c -g -O2  conftest.c >&5
configure:7317: $? = 0
configure:7317: result: yes
configure:7317: checking for strings.h
configure:7317: gcc -c -g -O2  conftest.c >&5
configure:7317: $? = 0
configure:7317: result: yes
configure:7317: checking for inttypes.h
configure:7317: gcc -c -g -O2  conftest.c >&5
configure:7317: $? = 0
configure:7317: result: yes
configure:7317: checking for stdint.h
configure:7317: gcc -c -g -O2  conftest.c >&5
configure:7317: $? = 0
configure:7317: result: yes
configure:7317: checking for unistd.h
configure:7317: gcc -c -g -O2  conftest.c >&5
configure:7317: $? = 0
configure:7317: result: yes
configure:7331: checking for dlfcn.h
configure:7331: gcc -c -g -O2  conftest.c >&5
configure:7331: $? = 0
configure:7331: result: yes
configure:7537: checking for objdir
configure:7552: result: .libs
configure:7819: checking if gcc supports -fno-rtti -fno-exceptions
configure:7837: gcc -c -g -O2  -fno-rtti -fno-exceptions conftest.c >&5
cc1: warning: command line option '-fno-rtti' is valid for C++/ObjC++ but not for C [enabled by default]
configure:7841: $? = 0
configure:7854: result: no
configure:8181: checking for gcc option to produce PIC
configure:8188: result: -fPIC -DPIC
configure:8196: checking if gcc PIC flag -fPIC -DPIC works
configure:8214: gcc -c -g -O2  -fPIC -DPIC -DPIC conftest.c >&5
configure:8218: $? = 0
configure:8231: result: yes
configure:8260: checking if gcc static flag -static works
configure:8288: result: yes
configure:8303: checking if gcc supports -c -o file.o
configure:8324: gcc -c -g -O2  -o out/conftest2.o conftest.c >&5
configure:8328: $? = 0
configure:8350: result: yes
configure:8358: checking if gcc supports -c -o file.o
configure:8405: result: yes
configure:8438: checking whether the gcc linker (/usr/bin/ld -m elf_x86_64) supports shared libraries
configure:9595: result: yes
configure:9632: checking whether -lc should be explicitly linked in
configure:9640: gcc -c -g -O2  conftest.c >&5
configure:9643: $? = 0
configure:9658: gcc -shared  -fPIC -DPIC conftest.o  -v -Wl,-soname -Wl,conftest -o conftest 2\>\&1 \| /bin/grep  -lc  \>/dev/null 2\>\&1
configure:9661: $? = 0
configure:9675: result: no
configure:9835: checking dynamic linker characteristics
configure:10335: gcc -o conftest -g -O2   -Wl,-rpath -Wl,/foo conftest.c  >&5
configure:10335: $? = 0
configure:10569: result: GNU/Linux ld.so
configure:10676: checking how to hardcode library paths into programs
configure:10701: result: immediate
configure:11241: checking whether stripping libraries is possible
configure:11246: result: yes
configure:11281: checking if libtool supports shared libraries
configure:11283: result: yes
configure:11286: checking whether to build shared libraries
configure:11307: result: yes
configure:11310: checking whether to build static libraries
configure:11314: result: yes
configure:11522: creating ./config.status

## ---------------------- ##
## Running config.status. ##
## ---------------------- ##

This file was extended by MoneyWatcherAlpha config.status 1.0, which was
generated by GNU Autoconf 2.69.  Invocation command line was

  CONFIG_FILES    = 
  CONFIG_HEADERS  = 
  CONFIG_LINKS    = 
  CONFIG_COMMANDS = 
  $ ./config.status 

on MAXANB

config.status:1006: creating Makefile
config.status:1006: creating exampleProgram/Makefile
config.status:1006: creating libmoneywatcher/Makefile
config.status:1006: creating include/Makefile
config.status:1163: executing depfiles commands
config.status:1163: executing libtool commands

## ---------------- ##
## Cache variables. ##
## ---------------- ##

ac_cv_build=x86_64-unknown-linux-gnu
ac_cv_c_compiler_gnu=yes
ac_cv_env_CC_set=
ac_cv_env_CC_value=
ac_cv_env_CFLAGS_set=
ac_cv_env_CFLAGS_value=
ac_cv_env_CPPFLAGS_set=
ac_cv_env_CPPFLAGS_value=
ac_cv_env_CPP_set=
ac_cv_env_CPP_value=
ac_cv_env_LDFLAGS_set=
ac_cv_env_LDFLAGS_value=
ac_cv_env_LIBS_set=
ac_cv_env_LIBS_value=
ac_cv_env_build_alias_set=
ac_cv_env_build_alias_value=
ac_cv_env_host_alias_set=
ac_cv_env_host_alias_value=
ac_cv_env_target_alias_set=
ac_cv_env_target_alias_value=
ac_cv_header_dlfcn_h=yes
ac_cv_header_inttypes_h=yes
ac_cv_header_memory_h=yes
ac_cv_header_stdc=yes
ac_cv_header_stdint_h=yes
ac_cv_header_stdlib_h=yes
ac_cv_header_string_h=yes
ac_cv_header_strings_h=yes
ac_cv_header_sys_stat_h=yes
ac_cv_header_sys_types_h=yes
ac_cv_header_unistd_h=yes
ac_cv_host=x86_64-unknown-linux-gnu
ac_cv_objext=o
ac_cv_path_EGREP='/bin/grep -E'
ac_cv_path_FGREP='/bin/grep -F'
ac_cv_path_GREP=/bin/grep
ac_cv_path_SED=/bin/sed
ac_cv_path_install='/usr/bin/install -c'
ac_cv_path_mkdir=/bin/mkdir
ac_cv_prog_AWK=mawk
ac_cv_prog_CPP='gcc -E'
ac_cv_prog_ac_ct_AR=ar
ac_cv_prog_ac_ct_CC=gcc
ac_cv_prog_ac_ct_MANIFEST_TOOL=mt
ac_cv_prog_ac_ct_OBJDUMP=objdump
ac_cv_prog_ac_ct_RANLIB=ranlib
ac_cv_prog_ac_ct_STRIP=strip
ac_cv_prog_cc_c89=
ac_cv_prog_cc_g=yes
ac_cv_prog_cc_gcc_c_o=yes
ac_cv_prog_make_make_set=yes
ac_cv_target=x86_64-unknown-linux-gnu
am_cv_CC_dependencies_compiler_type=gcc3
lt_cv_ar_at_file=@
lt_cv_archive_cmds_need_lc=no
lt_cv_deplibs_check_method=pass_all
lt_cv_file_magic_cmd='$MAGIC_CMD'
lt_cv_file_magic_test_file=
lt_cv_ld_reload_flag=-r
lt_cv_nm_interface='BSD nm'
lt_cv_objdir=.libs
lt_cv_path_LD=/usr/bin/ld
lt_cv_path_NM='/usr/bin/nm -B'
lt_cv_path_mainfest_tool=no
lt_cv_prog_compiler_c_o=yes
lt_cv_prog_compiler_pic='-fPIC -DPIC'
lt_cv_prog_compiler_pic_works=yes
lt_cv_prog_compiler_rtti_exceptions=no
lt_cv_prog_compiler_static_works=yes
lt_cv_prog_gnu_ld=yes
lt_cv_sharedlib_from_linklib_cmd='printf %s\n'
lt_cv_shlibpath_overrides_runpath=no
lt_cv_sys_global_symbol_pipe='sed -n -e '\''s/^.*[	 ]\([ABCDGIRSTW][ABCDGIRSTW]*\)[	 ][	 ]*\([_A-Za-z][_A-Za-z0-9]*\)$/\1 \2 \2/p'\'' | sed '\''/ __gnu_lto/d'\'''
lt_cv_sys_global_symbol_to_c_name_address='sed -n -e '\''s/^: \([^ ]*\)[ ]*$/  {\"\1\", (void *) 0},/p'\'' -e '\''s/^[ABCDGIRSTW]* \([^ ]*\) \([^ ]*\)$/  {"\2", (void *) \&\2},/p'\'''
lt_cv_sys_global_symbol_to_c_name_address_lib_prefix='sed -n -e '\''s/^: \([^ ]*\)[ ]*$/  {\"\1\", (void *) 0},/p'\'' -e '\''s/^[ABCDGIRSTW]* \([^ ]*\) \(lib[^ ]*\)$/  {"\2", (void *) \&\2},/p'\'' -e '\''s/^[ABCDGIRSTW]* \([^ ]*\) \([^ ]*\)$/  {"lib\2", (void *) \&\2},/p'\'''
lt_cv_sys_global_symbol_to_cdecl='sed -n -e '\''s/^T .* \(.*\)$/extern int \1();/p'\'' -e '\''s/^[ABCDGIRSTW]* .* \(.*\)$/extern char \1;/p'\'''
lt_cv_sys_max_cmd_len=1572864
lt_cv_to_host_file_cmd=func_convert_file_noop
lt_cv_to_tool_file_cmd=func_convert_file_noop

## ----------------- ##
## Output variables. ##
## ----------------- ##

ACLOCAL='${SHELL} /home/maxa/Development/Projects/MoneyWatcherAlpha/missing --run aclocal-1.11'
AMDEPBACKSLASH='\'
AMDEP_FALSE='#'
AMDEP_TRUE=''
AMTAR='$${TAR-tar}'
AR='ar'
AUTOCONF='${SHELL} /home/maxa/Development/Projects/MoneyWatcherAlpha/missing --run autoconf'
AUTOHEADER='${SHELL} /home/maxa/Development/Projects/MoneyWatcherAlpha/missing --run autoheader'
AUTOMAKE='${SHELL} /home/maxa/Development/Projects/MoneyWatcherAlpha/missing --run automake-1.11'
AWK='mawk'
CC='gcc'
CCDEPMODE='depmode=gcc3'
CFLAGS='-g -O2'
CPP='gcc -E'
CPPFLAGS=''
CYGPATH_W='echo'
DEFS='-DPACKAGE_NAME=\"MoneyWatcherAlpha\" -DPACKAGE_TARNAME=\"moneywatcheralpha\" -DPACKAGE_VERSION=\"1.0\" -DPACKAGE_STRING=\"MoneyWatcherAlpha\ 1.0\" -DPACKAGE_BUGREPORT=\"\" -DPACKAGE_URL=\"\" -DPACKAGE=\"moneywatcheralpha\" -DVERSION=\"1.0\" -DSTDC_HEADERS=1 -DHAVE_SYS_TYPES_H=1 -DHAVE_SYS_STAT_H=1 -DHAVE_STDLIB_H=1 -DHAVE_STRING_H=1 -DHAVE_MEMORY_H=1 -DHAVE_STRINGS_H=1 -DHAVE_INTTYPES_H=1 -DHAVE_STDINT_H=1 -DHAVE_UNISTD_H=1 -DHAVE_DLFCN_H=1 -DLT_OBJDIR=\".libs/\"'
DEPDIR='.deps'
DLLTOOL='false'
DSYMUTIL=''
DUMPBIN=''
ECHO_C=''
ECHO_N='-n'
ECHO_T=''
EGREP='/bin/grep -E'
EXEEXT=''
FGREP='/bin/grep -F'
GREP='/bin/grep'
INSTALL_DATA='${INSTALL} -m 644'
INSTALL_PROGRAM='${INSTALL}'
INSTALL_SCRIPT='${INSTALL}'
INSTALL_STRIP_PROGRAM='$(install_sh) -c -s'
LD='/usr/bin/ld -m elf_x86_64'
LDFLAGS=''
LIBOBJS=''
LIBS=''
LIBTOOL='$(SHELL) $(top_builddir)/libtool'
LIPO=''
LN_S='ln -s'
LTLIBOBJS=''
MAKEINFO='${SHELL} /home/maxa/Development/Projects/MoneyWatcherAlpha/missing --run makeinfo'
MANIFEST_TOOL=':'
MKDIR_P='/bin/mkdir -p'
NM='/usr/bin/nm -B'
NMEDIT=''
OBJDUMP='objdump'
OBJEXT='o'
OTOOL64=''
OTOOL=''
PACKAGE='moneywatcheralpha'
PACKAGE_BUGREPORT=''
PACKAGE_NAME='MoneyWatcherAlpha'
PACKAGE_STRING='MoneyWatcherAlpha 1.0'
PACKAGE_TARNAME='moneywatcheralpha'
PACKAGE_URL=''
PACKAGE_VERSION='1.0'
PATH_SEPARATOR=':'
RANLIB='ranlib'
SED='/bin/sed'
SET_MAKE=''
SHELL='/bin/bash'
STRIP='strip'
VERSION='1.0'
ac_ct_AR='ar'
ac_ct_CC='gcc'
ac_ct_DUMPBIN=''
am__EXEEXT_FALSE=''
am__EXEEXT_TRUE='#'
am__fastdepCC_FALSE='#'
am__fastdepCC_TRUE=''
am__include='include'
am__isrc=' -I$(srcdir)'
am__leading_dot='.'
am__nodep='_no'
am__quote=''
am__tar='$${TAR-tar} chof - "$$tardir"'
am__untar='$${TAR-tar} xf -'
bindir='${exec_prefix}/bin'
build='x86_64-unknown-linux-gnu'
build_alias=''
build_cpu='x86_64'
build_os='linux-gnu'
build_vendor='unknown'
datadir='${datarootdir}'
datarootdir='${prefix}/share'
docdir='${datarootdir}/doc/${PACKAGE_TARNAME}'
dvidir='${docdir}'
exec_prefix='${prefix}'
host='x86_64-unknown-linux-gnu'
host_alias=''
host_cpu='x86_64'
host_os='linux-gnu'
host_vendor='unknown'
htmldir='${docdir}'
includedir='${prefix}/include'
infodir='${datarootdir}/info'
install_sh='${SHELL} /home/maxa/Development/Projects/MoneyWatcherAlpha/install-sh'
libdir='${exec_prefix}/lib'
libexecdir='${exec_prefix}/libexec'
localedir='${datarootdir}/locale'
localstatedir='${prefix}/var'
mandir='${datarootdir}/man'
mkdir_p='/bin/mkdir -p'
oldincludedir='/usr/include'
pdfdir='${docdir}'
prefix='/usr/local'
program_transform_name='s,x,x,'
psdir='${docdir}'
sbindir='${exec_prefix}/sbin'
sharedstatedir='${prefix}/com'
sysconfdir='${prefix}/etc'
target='x86_64-unknown-linux-gnu'
target_alias=''
target_cpu='x86_64'
target_os='linux-gnu'
target_vendor='unknown'

## ----------- ##
## confdefs.h. ##
## ----------- ##

/* confdefs.h */
#define PACKAGE_NAME "MoneyWatcherAlpha"
#define PACKAGE_TARNAME "moneywatcheralpha"
#define PACKAGE_VERSION "1.0"
#define PACKAGE_STRING "MoneyWatcherAlpha 1.0"
#define PACKAGE_BUGREPORT ""
#define PACKAGE_URL ""
#define PACKAGE "moneywatcheralpha"
#define VERSION "1.0"
#define STDC_HEADERS 1
#define HAVE_SYS_TYPES_H 1
#define HAVE_SYS_STAT_H 1
#define HAVE_STDLIB_H 1
#define HAVE_STRING_H 1
#define HAVE_MEMORY_H 1
#define HAVE_STRINGS_H 1
#define HAVE_INTTYPES_H 1
#define HAVE_STDINT_H 1
#define HAVE_UNISTD_H 1
#define HAVE_DLFCN_H 1
#define LT_OBJDIR ".libs/"

configure: exit 0
